ftrScanApiAndroidHelperUsbHost/build/intermediates/manifest_merge_blame_file/debug/manifest-merger-blame-debug-report.txt
1<?xml version="1.0" encoding="utf-8"?>
2<manifest xmlns:android="http://schemas.android.com/apk/res/android"
3    package="com.futronictech.ftrscanapiandroidhelper"
4    android:versionCode="1"
5    android:versionName="1.0" >
6
7    <uses-sdk
8        android:minSdkVersion="12"
8-->src\main\AndroidManifest.xml
9        android:targetSdkVersion="12" />
9-->src\main\AndroidManifest.xml
10
11    <uses-feature android:name="android.hardware.usb.host" />
11-->src\main\AndroidManifest.xml:7:5-62
11-->src\main\AndroidManifest.xml:7:19-59
12
13    <uses-permission android:name="android.permission.WRITE_EXTERNAL_STORAGE" />
13-->src\main\AndroidManifest.xml:9:5-80
13-->src\main\AndroidManifest.xml:9:22-78
14
15    <application android:label="@string/app_name" >
15-->src\main\AndroidManifest.xml:11:5-14:19
15-->src\main\AndroidManifest.xml:11:19-51
16    </application>
17
18</manifest>